
================================================================================
NEW SESSION STARTED: 2026-02-13 07:55:49
================================================================================

2026-02-13 07:55:49,585 - __main__ - INFO - ================================================================================
2026-02-13 07:55:49,585 - __main__ - INFO - PRODUCTION LOGGING STARTED - Logs will be appended to: output\production_logs.txt
2026-02-13 07:55:49,586 - __main__ - INFO - DAILY TERMINAL LOG STARTED - Logs will be appended to: logs\dynamic_atm_strike_feb13.log (auto-truncated per day)
2026-02-13 07:55:49,586 - __main__ - INFO - Session started at: 2026-02-13 07:55:49
2026-02-13 07:55:49,586 - __main__ - INFO - ================================================================================
2026-02-13 07:55:49,588 - __main__ - INFO - [EXIT-AFTER-INIT] Initializing bot then exiting (no main loop)...
2026-02-13 07:55:49,588 - __main__ - INFO - [START] Initializing Async Trading Bot...
2026-02-13 07:55:49,593 - __main__ - INFO - Configuration loaded from config.yaml
2026-02-13 07:55:49,593 - __main__ - INFO - Dynamic ATM enabled: True
2026-02-13 07:55:49,593 - __main__ - INFO - Sentiment mode: MANUAL
2026-02-13 07:55:49,593 - __main__ - INFO - Automated market sentiment enabled: False
2026-02-13 07:55:49,600 - __main__ - INFO - Trading symbols loaded: ['underlying_symbol', 'underlying_token', 'atm_strike', 'ce_symbol', 'ce_token', 'pe_symbol', 'pe_token']
2026-02-13 07:55:49,600 - root - INFO - Attempting to get a valid Kite API session...
2026-02-13 07:55:49,606 - root - INFO - Successfully obtained a valid Kite API session.
2026-02-13 07:55:49,606 - __main__ - INFO - Kite API initialized
2026-02-13 07:55:49,735 - __main__ - INFO - [CPR] Trading range (from prev day Nifty OHLC 2026-02-12): CPR_LOWER (band_S2_lower) = 25654.97, CPR_UPPER (band_R2_upper) = 25981.78
2026-02-13 07:55:49,737 - trade_ledger - INFO - Initialized new ledger for 2026-02-13
2026-02-13 07:55:49,738 - __main__ - INFO - Trade ledger initialized
2026-02-13 07:55:49,738 - trailing_max_drawdown_manager - INFO - Trailing Max Drawdown Manager initialized: Capital=15,000.00, Loss Mark=50.0%
2026-02-13 07:55:49,738 - __main__ - INFO - Trailing max drawdown manager initialized
2026-02-13 07:55:49,744 - trade_state_manager - INFO - Trade state loaded successfully.
2026-02-13 07:55:49,744 - trade_state_manager - INFO - [SENTIMENT_MODE_SWITCH] Mode: MANUAL → MANUAL, Sentiment: DISABLE → NEUTRAL
2026-02-13 07:55:49,745 - __main__ - INFO - Synced sentiment from config.yaml: MANUAL mode with sentiment NEUTRAL (previous: mode=MANUAL, sentiment=DISABLE)
2026-02-13 07:55:49,811 - trade_state_manager - INFO - Reconciling internal state with broker positions...
2026-02-13 07:55:49,812 - trade_state_manager - INFO - No internal trades to reconcile.
2026-02-13 07:55:49,812 - __main__ - INFO - State manager initialized
2026-02-13 07:55:49,812 - __main__ - INFO - Indicator manager initialized
2026-02-13 07:55:49,812 - async_api_server - INFO - Initialized config with 21 settings
2026-02-13 07:55:49,812 - async_api_server - INFO - Initialized config with 1 settings
2026-02-13 07:55:49,812 - __main__ - INFO - API server initialized
2026-02-13 07:55:49,813 - async_api_server - INFO - [OK] Async API server started on localhost:5000
2026-02-13 07:55:49,813 - event_system - WARNING - [WARN] Event dispatcher not running! Event system_startup may be lost.
2026-02-13 07:55:49,813 - __main__ - INFO - [API] API server started early - control panel can connect now
2026-02-13 07:55:49,815 - realtime_position_manager - INFO - RealTimePositionManager initialized: check_interval=1.0s, gap_threshold=2.0%
2026-02-13 07:55:49,815 - immediate_exit_executor - INFO - ImmediateExitExecutor initialized: max_retries=3, validation_enabled=True
2026-02-13 07:55:49,815 - async_event_handlers - INFO - [OK] Real-time position management enabled
2026-02-13 07:55:49,815 - __main__ - INFO - Event handlers initialized
2026-02-13 07:55:49,815 - event_system - INFO - [OK] Event dispatcher started and processing events
2026-02-13 07:55:49,815 - __main__ - INFO - [EVENT] Event dispatcher started early - commands can be processed now
2026-02-13 07:55:49,815 - root - INFO - Current time: 07:55:49, Market open time: 09:15:00, Is after market open: False
2026-02-13 07:55:49,815 - __main__ - INFO - [CLOCK] Market not yet open. Waiting for market to open...
2026-02-13 07:55:49,815 - __main__ - INFO - [TIME] Waiting for market to open... Time remaining: 01:19:10
2026-02-13 07:55:49,815 - event_system - INFO - [START] Event processing loop started - ready to process events
2026-02-13 07:56:19,821 - __main__ - INFO - [TIME] Waiting for market to open... Time remaining: 01:18:40
2026-02-13 07:56:49,836 - __main__ - INFO - [TIME] Waiting for market to open... Time remaining: 01:18:10
2026-02-13 07:57:19,837 - __main__ - INFO - [TIME] Waiting for market to open... Time remaining: 01:17:40
2026-02-13 07:57:49,853 - __main__ - INFO - [TIME] Waiting for market to open... Time remaining: 01:17:10
2026-02-13 07:58:19,868 - __main__ - INFO - [TIME] Waiting for market to open... Time remaining: 01:16:40

================================================================================
NEW SESSION STARTED: 2026-02-13 07:58:25
================================================================================

2026-02-13 07:58:25,377 - __main__ - INFO - ================================================================================
2026-02-13 07:58:25,377 - __main__ - INFO - PRODUCTION LOGGING STARTED - Logs will be appended to: output\production_logs.txt
2026-02-13 07:58:25,377 - __main__ - INFO - DAILY TERMINAL LOG STARTED - Logs will be appended to: logs\dynamic_atm_strike_feb13.log (auto-truncated per day)
2026-02-13 07:58:25,377 - __main__ - INFO - Session started at: 2026-02-13 07:58:25
2026-02-13 07:58:25,377 - __main__ - INFO - ================================================================================
2026-02-13 07:58:25,378 - __main__ - INFO - [EXIT-AFTER-INIT] Initializing bot then exiting (no main loop)...
2026-02-13 07:58:25,378 - __main__ - INFO - [START] Initializing Async Trading Bot...
2026-02-13 07:58:25,383 - __main__ - INFO - Configuration loaded from config.yaml
2026-02-13 07:58:25,384 - __main__ - INFO - Dynamic ATM enabled: True
2026-02-13 07:58:25,384 - __main__ - INFO - Sentiment mode: MANUAL
2026-02-13 07:58:25,384 - __main__ - INFO - Automated market sentiment enabled: False
2026-02-13 07:58:25,384 - __main__ - INFO - Trading symbols loaded: ['underlying_symbol', 'underlying_token', 'atm_strike', 'ce_symbol', 'ce_token', 'pe_symbol', 'pe_token']
2026-02-13 07:58:25,384 - root - INFO - Attempting to get a valid Kite API session...
2026-02-13 07:58:25,391 - root - INFO - Successfully obtained a valid Kite API session.
2026-02-13 07:58:25,391 - __main__ - INFO - Kite API initialized
2026-02-13 07:58:25,473 - __main__ - INFO - [CPR] Trading range (from prev day Nifty OHLC 2026-02-12): CPR_LOWER (band_S2_lower) = 25654.97, CPR_UPPER (band_R2_upper) = 25981.78
2026-02-13 07:58:25,476 - __main__ - INFO - Trade ledger initialized
2026-02-13 07:58:25,476 - trailing_max_drawdown_manager - INFO - Trailing Max Drawdown Manager initialized: Capital=15,000.00, Loss Mark=50.0%
2026-02-13 07:58:25,476 - __main__ - INFO - Trailing max drawdown manager initialized
2026-02-13 07:58:25,483 - trade_state_manager - INFO - Trade state loaded successfully.
2026-02-13 07:58:25,543 - trade_state_manager - INFO - Reconciling internal state with broker positions...
2026-02-13 07:58:25,543 - trade_state_manager - INFO - No internal trades to reconcile.
2026-02-13 07:58:25,544 - __main__ - INFO - State manager initialized
2026-02-13 07:58:25,544 - __main__ - INFO - Indicator manager initialized
2026-02-13 07:58:25,544 - async_api_server - INFO - Initialized config with 21 settings
2026-02-13 07:58:25,544 - async_api_server - INFO - Initialized config with 1 settings
2026-02-13 07:58:25,544 - __main__ - INFO - API server initialized
2026-02-13 07:58:25,544 - async_api_server - ERROR - Failed to start async API server: [Errno 10048] error while attempting to bind on address ('127.0.0.1', 5000): [winerror 10048] only one usage of each socket address (protocol/network address/port) is normally permitted
2026-02-13 07:58:25,545 - event_system - WARNING - [WARN] Event dispatcher not running! Event error_occurred may be lost.
2026-02-13 07:58:25,545 - __main__ - ERROR - Failed to initialize trading bot: [Errno 10048] error while attempting to bind on address ('127.0.0.1', 5000): [winerror 10048] only one usage of each socket address (protocol/network address/port) is normally permitted
2026-02-13 07:58:25,545 - __main__ - INFO - Cleaning up event loop...
2026-02-13 07:58:25,545 - __main__ - INFO - Shutting down async generators...
2026-02-13 07:58:25,545 - __main__ - INFO - Closing event loop...
2026-02-13 07:58:25,545 - __main__ - INFO - Event loop closed
2026-02-13 07:58:25,545 - __main__ - INFO - Shutdown complete, exiting process
2026-02-13 07:58:49,870 - __main__ - INFO - [TIME] Waiting for market to open... Time remaining: 01:16:10

================================================================================
NEW SESSION STARTED: 2026-02-13 07:58:55
================================================================================

2026-02-13 07:58:55,455 - __main__ - INFO - ================================================================================
2026-02-13 07:58:55,456 - __main__ - INFO - PRODUCTION LOGGING STARTED - Logs will be appended to: output\production_logs.txt
2026-02-13 07:58:55,456 - __main__ - INFO - DAILY TERMINAL LOG STARTED - Logs will be appended to: logs\dynamic_atm_strike_feb13.log (auto-truncated per day)
2026-02-13 07:58:55,456 - __main__ - INFO - Session started at: 2026-02-13 07:58:55
2026-02-13 07:58:55,456 - __main__ - INFO - ================================================================================
2026-02-13 07:58:55,457 - __main__ - INFO - [EXIT-AFTER-INIT] Initializing bot then exiting (no main loop)...
2026-02-13 07:58:55,457 - __main__ - INFO - [START] Initializing Async Trading Bot...
2026-02-13 07:58:55,463 - __main__ - INFO - Configuration loaded from config.yaml
2026-02-13 07:58:55,463 - __main__ - INFO - Dynamic ATM enabled: True
2026-02-13 07:58:55,463 - __main__ - INFO - Sentiment mode: MANUAL
2026-02-13 07:58:55,464 - __main__ - INFO - Automated market sentiment enabled: False
2026-02-13 07:58:55,464 - __main__ - INFO - Trading symbols loaded: ['underlying_symbol', 'underlying_token', 'atm_strike', 'ce_symbol', 'ce_token', 'pe_symbol', 'pe_token']
2026-02-13 07:58:55,464 - root - INFO - Attempting to get a valid Kite API session...
2026-02-13 07:58:55,470 - root - INFO - Successfully obtained a valid Kite API session.
2026-02-13 07:58:55,470 - __main__ - INFO - Kite API initialized
2026-02-13 07:58:55,583 - __main__ - INFO - [CPR] Trading range (from prev day Nifty OHLC 2026-02-12): CPR_LOWER (band_S2_lower) = 25654.97, CPR_UPPER (band_R2_upper) = 25981.78
2026-02-13 07:58:55,585 - __main__ - INFO - Trade ledger initialized
2026-02-13 07:58:55,586 - trailing_max_drawdown_manager - INFO - Trailing Max Drawdown Manager initialized: Capital=15,000.00, Loss Mark=50.0%
2026-02-13 07:58:55,586 - __main__ - INFO - Trailing max drawdown manager initialized
2026-02-13 07:58:55,586 - trade_state_manager - INFO - Trade state loaded successfully.
2026-02-13 07:58:55,649 - trade_state_manager - INFO - Reconciling internal state with broker positions...
2026-02-13 07:58:55,649 - trade_state_manager - INFO - No internal trades to reconcile.
2026-02-13 07:58:55,649 - __main__ - INFO - State manager initialized
2026-02-13 07:58:55,650 - __main__ - INFO - Indicator manager initialized
2026-02-13 07:58:55,650 - async_api_server - INFO - Initialized config with 21 settings
2026-02-13 07:58:55,650 - async_api_server - INFO - Initialized config with 1 settings
2026-02-13 07:58:55,650 - __main__ - INFO - API server initialized
2026-02-13 07:58:55,651 - async_api_server - ERROR - Failed to start async API server: [Errno 10048] error while attempting to bind on address ('127.0.0.1', 5000): [winerror 10048] only one usage of each socket address (protocol/network address/port) is normally permitted
2026-02-13 07:58:55,651 - event_system - WARNING - [WARN] Event dispatcher not running! Event error_occurred may be lost.
2026-02-13 07:58:55,651 - __main__ - ERROR - Failed to initialize trading bot: [Errno 10048] error while attempting to bind on address ('127.0.0.1', 5000): [winerror 10048] only one usage of each socket address (protocol/network address/port) is normally permitted
2026-02-13 07:58:55,651 - __main__ - INFO - Cleaning up event loop...
2026-02-13 07:58:55,651 - __main__ - INFO - Shutting down async generators...
2026-02-13 07:58:55,651 - __main__ - INFO - Closing event loop...
2026-02-13 07:58:55,652 - __main__ - INFO - Event loop closed
2026-02-13 07:58:55,652 - __main__ - INFO - Shutdown complete, exiting process
2026-02-13 07:59:19,871 - __main__ - INFO - [TIME] Waiting for market to open... Time remaining: 01:15:40
2026-02-13 07:59:49,877 - __main__ - INFO - [TIME] Waiting for market to open... Time remaining: 01:15:10

================================================================================
NEW SESSION STARTED: 2026-02-13 08:00:18
================================================================================

2026-02-13 08:00:18,560 - __main__ - INFO - ================================================================================
2026-02-13 08:00:18,561 - __main__ - INFO - PRODUCTION LOGGING STARTED - Logs will be appended to: output\production_logs.txt
2026-02-13 08:00:18,561 - __main__ - INFO - DAILY TERMINAL LOG STARTED - Logs will be appended to: logs\dynamic_atm_strike_feb13.log (auto-truncated per day)
2026-02-13 08:00:18,561 - __main__ - INFO - Session started at: 2026-02-13 08:00:18
2026-02-13 08:00:18,561 - __main__ - INFO - ================================================================================
2026-02-13 08:00:18,562 - __main__ - INFO - [EXIT-AFTER-INIT] Initializing bot then exiting (no main loop)...
2026-02-13 08:00:18,562 - __main__ - INFO - [START] Initializing Async Trading Bot...
2026-02-13 08:00:18,567 - __main__ - INFO - Configuration loaded from config.yaml
2026-02-13 08:00:18,567 - __main__ - INFO - Dynamic ATM enabled: True
2026-02-13 08:00:18,567 - __main__ - INFO - Sentiment mode: MANUAL
2026-02-13 08:00:18,568 - __main__ - INFO - Automated market sentiment enabled: False
2026-02-13 08:00:18,568 - __main__ - INFO - Trading symbols loaded: ['underlying_symbol', 'underlying_token', 'atm_strike', 'ce_symbol', 'ce_token', 'pe_symbol', 'pe_token']
2026-02-13 08:00:18,568 - root - INFO - Attempting to get a valid Kite API session...
2026-02-13 08:00:18,577 - root - INFO - Successfully obtained a valid Kite API session.
2026-02-13 08:00:18,579 - __main__ - INFO - Kite API initialized
2026-02-13 08:00:18,667 - __main__ - INFO - ============================================================
2026-02-13 08:00:18,667 - __main__ - INFO - [CPR] CPR and bands (from previous day Nifty OHLC 2026-02-12)
2026-02-13 08:00:18,667 - __main__ - INFO - [CPR] Prev day OHLC: H=25906.70 L=25752.40 C=25807.20
2026-02-13 08:00:18,667 - __main__ - INFO - [CPR] Pivot levels: P=25822.10  R1=25891.80  R2=25976.40  S1=25737.50  S2=25667.80
2026-02-13 08:00:18,667 - __main__ - INFO - [CPR] Type 2 bands (38.2%%/61.8%%):
2026-02-13 08:00:18,668 - __main__ - INFO -   band_Pivot: lower=25809.27  upper=25827.48
2026-02-13 08:00:18,668 - __main__ - INFO -   band_S1: lower=25732.12  upper=25750.33
2026-02-13 08:00:18,668 - __main__ - INFO -   band_S2: lower=25654.97  upper=25673.18
2026-02-13 08:00:18,668 - __main__ - INFO -   band_S3: lower=25577.82  upper=25596.03
2026-02-13 08:00:18,668 - __main__ - INFO -   band_S4: lower=25505.28  upper=25521.72
2026-02-13 08:00:18,668 - __main__ - INFO -   band_R1: lower=25886.42  upper=25904.63
2026-02-13 08:00:18,668 - __main__ - INFO -   band_R2: lower=25963.57  upper=25981.78
2026-02-13 08:00:18,668 - __main__ - INFO -   band_R3: lower=26040.72  upper=26058.93
2026-02-13 08:00:18,668 - __main__ - INFO -   band_R4: lower=26120.72  upper=26140.68
2026-02-13 08:00:18,668 - __main__ - INFO - [CPR] Trading range: band_S2_lower=25654.97  band_R2_upper=25981.78
2026-02-13 08:00:18,668 - __main__ - INFO - ============================================================
2026-02-13 08:00:18,670 - __main__ - INFO - Trade ledger initialized
2026-02-13 08:00:18,670 - trailing_max_drawdown_manager - INFO - Trailing Max Drawdown Manager initialized: Capital=15,000.00, Loss Mark=50.0%
2026-02-13 08:00:18,670 - __main__ - INFO - Trailing max drawdown manager initialized
2026-02-13 08:00:18,670 - trade_state_manager - INFO - Trade state loaded successfully.
2026-02-13 08:00:18,738 - trade_state_manager - INFO - Reconciling internal state with broker positions...
2026-02-13 08:00:18,738 - trade_state_manager - INFO - No internal trades to reconcile.
2026-02-13 08:00:18,738 - __main__ - INFO - State manager initialized
2026-02-13 08:00:18,738 - __main__ - INFO - Indicator manager initialized
2026-02-13 08:00:18,738 - async_api_server - INFO - Initialized config with 21 settings
2026-02-13 08:00:18,738 - async_api_server - INFO - Initialized config with 1 settings
2026-02-13 08:00:18,739 - __main__ - INFO - API server initialized
2026-02-13 08:00:18,739 - async_api_server - ERROR - Failed to start async API server: [Errno 10048] error while attempting to bind on address ('127.0.0.1', 5000): [winerror 10048] only one usage of each socket address (protocol/network address/port) is normally permitted
2026-02-13 08:00:18,740 - event_system - WARNING - [WARN] Event dispatcher not running! Event error_occurred may be lost.
2026-02-13 08:00:18,740 - __main__ - ERROR - Failed to initialize trading bot: [Errno 10048] error while attempting to bind on address ('127.0.0.1', 5000): [winerror 10048] only one usage of each socket address (protocol/network address/port) is normally permitted
2026-02-13 08:00:18,740 - __main__ - INFO - Cleaning up event loop...
2026-02-13 08:00:18,740 - __main__ - INFO - Shutting down async generators...
2026-02-13 08:00:18,740 - __main__ - INFO - Closing event loop...
2026-02-13 08:00:18,740 - __main__ - INFO - Event loop closed
2026-02-13 08:00:18,740 - __main__ - INFO - Shutdown complete, exiting process
2026-02-13 08:00:19,882 - __main__ - INFO - [TIME] Waiting for market to open... Time remaining: 01:14:40
2026-02-13 08:00:49,893 - __main__ - INFO - [TIME] Waiting for market to open... Time remaining: 01:14:10
2026-02-13 08:01:19,897 - __main__ - INFO - [TIME] Waiting for market to open... Time remaining: 01:13:40
2026-02-13 08:01:49,901 - __main__ - INFO - [TIME] Waiting for market to open... Time remaining: 01:13:10
2026-02-13 08:02:19,916 - __main__ - INFO - [TIME] Waiting for market to open... Time remaining: 01:12:40
2026-02-13 08:02:49,933 - __main__ - INFO - [TIME] Waiting for market to open... Time remaining: 01:12:10
2026-02-13 08:03:19,945 - __main__ - INFO - [TIME] Waiting for market to open... Time remaining: 01:11:40
2026-02-13 08:03:49,949 - __main__ - INFO - [TIME] Waiting for market to open... Time remaining: 01:11:10
2026-02-13 08:04:19,953 - __main__ - INFO - [TIME] Waiting for market to open... Time remaining: 01:10:40
2026-02-13 08:04:49,965 - __main__ - INFO - [TIME] Waiting for market to open... Time remaining: 01:10:10
2026-02-13 08:05:19,980 - __main__ - INFO - [TIME] Waiting for market to open... Time remaining: 01:09:40
2026-02-13 08:05:49,996 - __main__ - INFO - [TIME] Waiting for market to open... Time remaining: 01:09:10
2026-02-13 08:06:19,999 - __main__ - INFO - [TIME] Waiting for market to open... Time remaining: 01:08:40
2026-02-13 08:06:50,001 - __main__ - INFO - [TIME] Waiting for market to open... Time remaining: 01:08:09
2026-02-13 08:07:20,005 - __main__ - INFO - [TIME] Waiting for market to open... Time remaining: 01:07:39
2026-02-13 08:07:50,008 - __main__ - INFO - [TIME] Waiting for market to open... Time remaining: 01:07:09
2026-02-13 08:08:20,014 - __main__ - INFO - [TIME] Waiting for market to open... Time remaining: 01:06:39
2026-02-13 08:08:50,018 - __main__ - INFO - [TIME] Waiting for market to open... Time remaining: 01:06:09
2026-02-13 08:09:20,027 - __main__ - INFO - [TIME] Waiting for market to open... Time remaining: 01:05:39
2026-02-13 08:09:50,035 - __main__ - INFO - [TIME] Waiting for market to open... Time remaining: 01:05:09

================================================================================
NEW SESSION STARTED: 2026-02-13 08:09:55
================================================================================

2026-02-13 08:09:55,353 - __main__ - INFO - ================================================================================
2026-02-13 08:09:55,353 - __main__ - INFO - PRODUCTION LOGGING STARTED - Logs will be appended to: output\production_logs.txt
2026-02-13 08:09:55,353 - __main__ - INFO - DAILY TERMINAL LOG STARTED - Logs will be appended to: logs\dynamic_atm_strike_feb13.log (auto-truncated per day)
2026-02-13 08:09:55,353 - __main__ - INFO - Session started at: 2026-02-13 08:09:55
2026-02-13 08:09:55,353 - __main__ - INFO - ================================================================================
2026-02-13 08:09:55,354 - __main__ - INFO - [EXIT-AFTER-INIT] Initializing bot then exiting (no main loop)...
2026-02-13 08:09:55,354 - __main__ - INFO - [START] Initializing Async Trading Bot...
2026-02-13 08:09:55,359 - __main__ - INFO - Configuration loaded from config.yaml
2026-02-13 08:09:55,359 - __main__ - INFO - Dynamic ATM enabled: True
2026-02-13 08:09:55,360 - __main__ - INFO - Sentiment mode: MANUAL
2026-02-13 08:09:55,360 - __main__ - INFO - Automated market sentiment enabled: False
2026-02-13 08:09:55,360 - __main__ - INFO - Trading symbols loaded: ['underlying_symbol', 'underlying_token', 'atm_strike', 'ce_symbol', 'ce_token', 'pe_symbol', 'pe_token']
2026-02-13 08:09:55,360 - root - INFO - Attempting to get a valid Kite API session...
2026-02-13 08:09:55,366 - root - INFO - Successfully obtained a valid Kite API session.
2026-02-13 08:09:55,366 - __main__ - INFO - Kite API initialized
2026-02-13 08:09:55,516 - __main__ - INFO - ============================================================
2026-02-13 08:09:55,516 - __main__ - INFO - [CPR] CPR and bands (from previous day Nifty OHLC 2026-02-12)
2026-02-13 08:09:55,517 - __main__ - INFO - [CPR] Prev day OHLC: H=25906.70 L=25752.40 C=25807.20
2026-02-13 08:09:55,517 - __main__ - INFO - [CPR] Pivot levels: P=25822.10  R1=25891.80  R2=25976.40  S1=25737.50  S2=25667.80
2026-02-13 08:09:55,517 - __main__ - INFO - [CPR] Type 2 bands (38.2%%/61.8%%):
2026-02-13 08:09:55,517 - __main__ - INFO -   band_Pivot: lower=25809.27  upper=25827.48
2026-02-13 08:09:55,517 - __main__ - INFO -   band_S1: lower=25732.12  upper=25750.33
2026-02-13 08:09:55,517 - __main__ - INFO -   band_S2: lower=25654.97  upper=25673.18
2026-02-13 08:09:55,517 - __main__ - INFO -   band_S3: lower=25577.82  upper=25596.03
2026-02-13 08:09:55,517 - __main__ - INFO -   band_S4: lower=25505.28  upper=25521.72
2026-02-13 08:09:55,517 - __main__ - INFO -   band_R1: lower=25886.42  upper=25904.63
2026-02-13 08:09:55,517 - __main__ - INFO -   band_R2: lower=25963.57  upper=25981.78
2026-02-13 08:09:55,517 - __main__ - INFO -   band_R3: lower=26040.72  upper=26058.93
2026-02-13 08:09:55,517 - __main__ - INFO -   band_R4: lower=26120.72  upper=26140.68
2026-02-13 08:09:55,517 - __main__ - INFO - [CPR] Trading range (config CPR_LOWER / CPR_UPPER):
2026-02-13 08:09:55,518 - __main__ - INFO -   band_S2_lower = 25654.97
2026-02-13 08:09:55,518 - __main__ - INFO -   band_R2_upper = 25981.78
2026-02-13 08:09:55,518 - __main__ - INFO - ============================================================
2026-02-13 08:09:55,520 - __main__ - INFO - Trade ledger initialized
2026-02-13 08:09:55,520 - trailing_max_drawdown_manager - INFO - Trailing Max Drawdown Manager initialized: Capital=15,000.00, Loss Mark=30.0%
2026-02-13 08:09:55,520 - __main__ - INFO - Trailing max drawdown manager initialized
2026-02-13 08:09:55,520 - trade_state_manager - INFO - Trade state loaded successfully.
2026-02-13 08:09:55,588 - trade_state_manager - INFO - Reconciling internal state with broker positions...
2026-02-13 08:09:55,588 - trade_state_manager - INFO - No internal trades to reconcile.
2026-02-13 08:09:55,588 - __main__ - INFO - State manager initialized
2026-02-13 08:09:55,588 - __main__ - INFO - Indicator manager initialized
2026-02-13 08:09:55,588 - async_api_server - INFO - Initialized config with 21 settings
2026-02-13 08:09:55,588 - async_api_server - INFO - Initialized config with 1 settings
2026-02-13 08:09:55,589 - __main__ - INFO - API server initialized
2026-02-13 08:09:55,590 - async_api_server - ERROR - Failed to start async API server: [Errno 10048] error while attempting to bind on address ('127.0.0.1', 5000): [winerror 10048] only one usage of each socket address (protocol/network address/port) is normally permitted
2026-02-13 08:09:55,590 - event_system - WARNING - [WARN] Event dispatcher not running! Event error_occurred may be lost.
2026-02-13 08:09:55,590 - __main__ - ERROR - Failed to initialize trading bot: [Errno 10048] error while attempting to bind on address ('127.0.0.1', 5000): [winerror 10048] only one usage of each socket address (protocol/network address/port) is normally permitted
2026-02-13 08:09:55,590 - __main__ - INFO - Cleaning up event loop...
2026-02-13 08:09:55,590 - __main__ - INFO - Shutting down async generators...
2026-02-13 08:09:55,590 - __main__ - INFO - Closing event loop...
2026-02-13 08:09:55,590 - __main__ - INFO - Event loop closed
2026-02-13 08:09:55,590 - __main__ - INFO - Shutdown complete, exiting process
2026-02-13 08:10:20,051 - __main__ - INFO - [TIME] Waiting for market to open... Time remaining: 01:04:39
2026-02-13 08:10:50,067 - __main__ - INFO - [TIME] Waiting for market to open... Time remaining: 01:04:09
2026-02-13 08:11:20,070 - __main__ - INFO - [TIME] Waiting for market to open... Time remaining: 01:03:39
2026-02-13 08:11:50,074 - __main__ - INFO - [TIME] Waiting for market to open... Time remaining: 01:03:09
2026-02-13 08:12:20,080 - __main__ - INFO - [TIME] Waiting for market to open... Time remaining: 01:02:39
2026-02-13 08:12:50,085 - __main__ - INFO - [TIME] Waiting for market to open... Time remaining: 01:02:09
2026-02-13 08:13:20,093 - __main__ - INFO - [TIME] Waiting for market to open... Time remaining: 01:01:39
2026-02-13 08:13:50,096 - __main__ - INFO - [TIME] Waiting for market to open... Time remaining: 01:01:09
2026-02-13 08:14:20,102 - __main__ - INFO - [TIME] Waiting for market to open... Time remaining: 01:00:39
2026-02-13 08:14:50,114 - __main__ - INFO - [TIME] Waiting for market to open... Time remaining: 01:00:09
2026-02-13 08:15:20,124 - __main__ - INFO - [TIME] Waiting for market to open... Time remaining: 00:59:39
2026-02-13 08:15:50,136 - __main__ - INFO - [TIME] Waiting for market to open... Time remaining: 00:59:09
2026-02-13 08:16:20,143 - __main__ - INFO - [TIME] Waiting for market to open... Time remaining: 00:58:39
2026-02-13 08:16:50,154 - __main__ - INFO - [TIME] Waiting for market to open... Time remaining: 00:58:09
2026-02-13 08:17:20,163 - __main__ - INFO - [TIME] Waiting for market to open... Time remaining: 00:57:39
2026-02-13 08:17:50,178 - __main__ - INFO - [TIME] Waiting for market to open... Time remaining: 00:57:09
2026-02-13 08:18:20,180 - __main__ - INFO - [TIME] Waiting for market to open... Time remaining: 00:56:39
2026-02-13 08:18:50,188 - __main__ - INFO - [TIME] Waiting for market to open... Time remaining: 00:56:09
2026-02-13 08:19:20,191 - __main__ - INFO - [TIME] Waiting for market to open... Time remaining: 00:55:39
2026-02-13 08:19:50,205 - __main__ - INFO - [TIME] Waiting for market to open... Time remaining: 00:55:09
2026-02-13 08:20:20,216 - __main__ - INFO - [TIME] Waiting for market to open... Time remaining: 00:54:39
2026-02-13 08:20:50,222 - __main__ - INFO - [TIME] Waiting for market to open... Time remaining: 00:54:09
2026-02-13 08:21:20,238 - __main__ - INFO - [TIME] Waiting for market to open... Time remaining: 00:53:39
2026-02-13 08:21:50,238 - __main__ - INFO - [TIME] Waiting for market to open... Time remaining: 00:53:09
2026-02-13 08:22:20,239 - __main__ - INFO - [TIME] Waiting for market to open... Time remaining: 00:52:39
2026-02-13 08:22:50,251 - __main__ - INFO - [TIME] Waiting for market to open... Time remaining: 00:52:09
2026-02-13 08:23:20,262 - __main__ - INFO - [TIME] Waiting for market to open... Time remaining: 00:51:39
2026-02-13 08:23:50,276 - __main__ - INFO - [TIME] Waiting for market to open... Time remaining: 00:51:09
2026-02-13 08:24:20,285 - __main__ - INFO - [TIME] Waiting for market to open... Time remaining: 00:50:39
2026-02-13 08:24:50,289 - __main__ - INFO - [TIME] Waiting for market to open... Time remaining: 00:50:09
2026-02-13 08:25:20,296 - __main__ - INFO - [TIME] Waiting for market to open... Time remaining: 00:49:39
2026-02-13 08:25:50,297 - __main__ - INFO - [TIME] Waiting for market to open... Time remaining: 00:49:09
2026-02-13 08:26:20,310 - __main__ - INFO - [TIME] Waiting for market to open... Time remaining: 00:48:39
2026-02-13 08:26:50,314 - __main__ - INFO - [TIME] Waiting for market to open... Time remaining: 00:48:09
2026-02-13 08:27:20,329 - __main__ - INFO - [TIME] Waiting for market to open... Time remaining: 00:47:39
2026-02-13 08:27:50,342 - __main__ - INFO - [TIME] Waiting for market to open... Time remaining: 00:47:09
2026-02-13 08:28:20,353 - __main__ - INFO - [TIME] Waiting for market to open... Time remaining: 00:46:39
2026-02-13 08:28:50,357 - __main__ - INFO - [TIME] Waiting for market to open... Time remaining: 00:46:09
2026-02-13 08:29:20,359 - __main__ - INFO - [TIME] Waiting for market to open... Time remaining: 00:45:39
2026-02-13 08:29:50,369 - __main__ - INFO - [TIME] Waiting for market to open... Time remaining: 00:45:09
